e:\sigilcdt232\ligisengine\engeene\engeene\x64\debug\vc140.pdb
e:\sigilcdt232\ligisengine\engeene\engeene\x64\debug\vc140.idb
e:\sigilcdt232\ligisengine\engeene\engeene\x64\debug\align.obj
e:\sigilcdt232\ligisengine\engeene\engeene\x64\debug\app.obj
e:\sigilcdt232\ligisengine\engeene\engeene\x64\debug\circlemeshvbo.obj
e:\sigilcdt232\ligisengine\engeene\engeene\x64\debug\customdialog.obj
e:\sigilcdt232\ligisengine\engeene\engeene\x64\debug\editor.obj
e:\sigilcdt232\ligisengine\engeene\engeene\x64\debug\glrenderer.obj
e:\sigilcdt232\ligisengine\engeene\engeene\x64\debug\glrenderereditor.obj
e:\sigilcdt232\ligisengine\engeene\engeene\x64\debug\grid.obj
e:\sigilcdt232\ligisengine\engeene\engeene\x64\debug\linemeshvbo.obj
e:\sigilcdt232\ligisengine\engeene\engeene\x64\debug\map.obj
e:\sigilcdt232\ligisengine\engeene\engeene\x64\debug\mapmeshvbo.obj
e:\sigilcdt232\ligisengine\engeene\engeene\x64\debug\meshvbo.obj
e:\sigilcdt232\ligisengine\engeene\engeene\x64\debug\myglcanvas.obj
e:\sigilcdt232\ligisengine\engeene\engeene\x64\debug\savedialog.obj
e:\sigilcdt232\ligisengine\engeene\engeene\x64\debug\shader.obj
e:\sigilcdt232\ligisengine\engeene\engeene\x64\debug\squaremeshvbo.obj
e:\sigilcdt232\ligisengine\engeene\engeene\x64\debug\tranglemeshvbo.obj
e:\sigilcdt232\ligisengine\engeene\engeene\x64\debug\wallmeshvbo.obj
e:\sigilcdt232\ligisengine\engeene\engeene\x64\debug\engeene.tlog\cl.command.1.tlog
e:\sigilcdt232\ligisengine\engeene\engeene\x64\debug\engeene.tlog\cl.read.1.tlog
e:\sigilcdt232\ligisengine\engeene\engeene\x64\debug\engeene.tlog\cl.write.1.tlog
e:\sigilcdt232\ligisengine\engeene\engeene\x64\debug\engeene.tlog\link.command.1.tlog
e:\sigilcdt232\ligisengine\engeene\engeene\x64\debug\engeene.tlog\link.read.1.tlog
e:\sigilcdt232\ligisengine\engeene\engeene\x64\debug\engeene.tlog\link.write.1.tlog
